<?xml version="1.0" encoding="UTF-8"?>
<testng-results skipped="0" failed="2" ignored="9" total="20" passed="9">
  <reporter-output>
  </reporter-output>
  <suite name="Nordson OMU Web App Regression Tests on Chrome" duration-ms="41269" started-at="2021-06-22T12:22:17 IST" finished-at="2021-06-22T12:22:58 IST">
    <groups>
    </groups>
    <test name="Nordson OMU Web App Regression Tests on Chrome" duration-ms="41269" started-at="2021-06-22T12:22:17 IST" finished-at="2021-06-22T12:22:58 IST">
      <class name="com.nordson.testCases.TC_OMU_1891_1936_User_Dashboard_Links">
        <test-method status="PASS" signature="setUp(java.lang.String, java.lang.String)[pri:0, instance:com.nordson.testCases.TC_OMU_1891_1936_User_Dashboard_Links@313ac989]" name="setUp" is-config="true" duration-ms="8730" started-at="2021-06-22T12:22:17 IST" finished-at="2021-06-22T12:22:26 IST">
          <params>
            <param index="0">
              <value>
                <![CDATA[chrome]]>
              </value>
            </param>
            <param index="1">
              <value>
                <![CDATA[PreProd]]>
              </value>
            </param>
          </params>
          <reporter-output>
          </reporter-output>
        </test-method> <!-- setUp -->
        <test-method status="PASS" signature="loginDDT(java.lang.String, java.lang.String)[pri:0, instance:com.nordson.testCases.TC_OMU_1891_1936_User_Dashboard_Links@313ac989]" name="loginDDT" duration-ms="6890" started-at="2021-06-22T12:22:26 IST" data-provider="LoginTestData" finished-at="2021-06-22T12:22:33 IST">
          <params>
            <param index="0">
              <value>
                <![CDATA[raviuser@yopmail.com]]>
              </value>
            </param>
            <param index="1">
              <value>
                <![CDATA[123456789]]>
              </value>
            </param>
          </params>
          <reporter-output>
          </reporter-output>
        </test-method> <!-- loginDDT -->
        <test-method status="FAIL" signature="Logo_Displayed()[pri:1, instance:com.nordson.testCases.TC_OMU_1891_1936_User_Dashboard_Links@313ac989]" name="Logo_Displayed" duration-ms="2096" started-at="2021-06-22T12:22:33 IST" finished-at="2021-06-22T12:22:35 IST">
          <exception class="java.lang.AssertionError">
            <message>
              <![CDATA[expected [true] but found [false]]]>
            </message>
            <full-stacktrace>
              <![CDATA[java.lang.AssertionError: expected [true] but found [false]
at org.testng.Assert.fail(Assert.java:97)
at org.testng.Assert.failNotEquals(Assert.java:969)
at org.testng.Assert.assertTrue(Assert.java:43)
at org.testng.Assert.assertTrue(Assert.java:53)
at com.nordson.testCases.TC_OMU_1891_1936_User_Dashboard_Links.Logo_Displayed(TC_OMU_1891_1936_User_Dashboard_Links.java:45)
at sun.reflect.NativeMethodAccessorImpl.invoke0(Native Method)
at sun.reflect.NativeMethodAccessorImpl.invoke(NativeMethodAccessorImpl.java:62)
at sun.reflect.DelegatingMethodAccessorImpl.invoke(DelegatingMethodAccessorImpl.java:43)
at java.lang.reflect.Method.invoke(Method.java:498)
at org.testng.internal.MethodInvocationHelper.invokeMethod(MethodInvocationHelper.java:134)
at org.testng.internal.TestInvoker.invokeMethod(TestInvoker.java:597)
at org.testng.internal.TestInvoker.invokeTestMethod(TestInvoker.java:173)
at org.testng.internal.MethodRunner.runInSequence(MethodRunner.java:46)
at org.testng.internal.TestInvoker$MethodInvocationAgent.invoke(TestInvoker.java:816)
at org.testng.internal.TestInvoker.invokeTestMethods(TestInvoker.java:146)
at org.testng.internal.TestMethodWorker.invokeTestMethods(TestMethodWorker.java:146)
at org.testng.internal.TestMethodWorker.run(TestMethodWorker.java:128)
at java.util.ArrayList.forEach(ArrayList.java:1257)
at org.testng.TestRunner.privateRun(TestRunner.java:766)
at org.testng.TestRunner.run(TestRunner.java:587)
at org.testng.SuiteRunner.runTest(SuiteRunner.java:384)
at org.testng.SuiteRunner.runSequentially(SuiteRunner.java:378)
at org.testng.SuiteRunner.privateRun(SuiteRunner.java:337)
at org.testng.SuiteRunner.run(SuiteRunner.java:286)
at org.testng.SuiteRunnerWorker.runSuite(SuiteRunnerWorker.java:53)
at org.testng.SuiteRunnerWorker.run(SuiteRunnerWorker.java:96)
at org.testng.TestNG.runSuitesSequentially(TestNG.java:1187)
at org.testng.TestNG.runSuitesLocally(TestNG.java:1109)
at org.testng.TestNG.runSuites(TestNG.java:1039)
at org.testng.TestNG.run(TestNG.java:1007)
at org.testng.remote.AbstractRemoteTestNG.run(AbstractRemoteTestNG.java:115)
at org.testng.remote.RemoteTestNG.initAndRun(RemoteTestNG.java:251)
at org.testng.remote.RemoteTestNG.main(RemoteTestNG.java:77)
]]>
            </full-stacktrace>
          </exception> <!-- java.lang.AssertionError -->
          <reporter-output>
          </reporter-output>
        </test-method> <!-- Logo_Displayed -->
        <test-method status="PASS" signature="Welcome_Displayed()[pri:2, instance:com.nordson.testCases.TC_OMU_1891_1936_User_Dashboard_Links@313ac989]" name="Welcome_Displayed" duration-ms="2605" started-at="2021-06-22T12:22:38 IST" finished-at="2021-06-22T12:22:41 IST">
          <reporter-output>
          </reporter-output>
        </test-method> <!-- Welcome_Displayed -->
        <test-method status="PASS" signature="Recently_Viewed_Card_Text()[pri:4, instance:com.nordson.testCases.TC_OMU_1891_1936_User_Dashboard_Links@313ac989]" name="Recently_Viewed_Card_Text" duration-ms="2575" started-at="2021-06-22T12:22:41 IST" finished-at="2021-06-22T12:22:44 IST">
          <reporter-output>
          </reporter-output>
        </test-method> <!-- Recently_Viewed_Card_Text -->
        <test-method status="PASS" signature="Event_Log_Files_Card_Text()[pri:5, instance:com.nordson.testCases.TC_OMU_1891_1936_User_Dashboard_Links@313ac989]" name="Event_Log_Files_Card_Text" duration-ms="2590" started-at="2021-06-22T12:22:44 IST" finished-at="2021-06-22T12:22:46 IST">
          <reporter-output>
          </reporter-output>
        </test-method> <!-- Event_Log_Files_Card_Text -->
        <test-method status="PASS" signature="CopyRightText()[pri:6, instance:com.nordson.testCases.TC_OMU_1891_1936_User_Dashboard_Links@313ac989]" name="CopyRightText" duration-ms="1733" started-at="2021-06-22T12:22:46 IST" finished-at="2021-06-22T12:22:48 IST">
          <reporter-output>
          </reporter-output>
        </test-method> <!-- CopyRightText -->
        <test-method status="PASS" signature="Registration_Nordson_Privacy_Policy()[pri:7, instance:com.nordson.testCases.TC_OMU_1891_1936_User_Dashboard_Links@313ac989]" name="Registration_Nordson_Privacy_Policy" duration-ms="1578" started-at="2021-06-22T12:22:48 IST" finished-at="2021-06-22T12:22:49 IST">
          <reporter-output>
          </reporter-output>
        </test-method> <!-- Registration_Nordson_Privacy_Policy -->
        <test-method status="PASS" signature="Registration_Nordosn_Terms_of_Services()[pri:8, instance:com.nordson.testCases.TC_OMU_1891_1936_User_Dashboard_Links@313ac989]" name="Registration_Nordosn_Terms_of_Services" duration-ms="1598" started-at="2021-06-22T12:22:49 IST" finished-at="2021-06-22T12:22:51 IST">
          <reporter-output>
          </reporter-output>
        </test-method> <!-- Registration_Nordosn_Terms_of_Services -->
        <test-method status="FAIL" signature="Registration_Nordson_Cookies()[pri:9, instance:com.nordson.testCases.TC_OMU_1891_1936_User_Dashboard_Links@313ac989]" name="Registration_Nordson_Cookies" duration-ms="65" started-at="2021-06-22T12:22:51 IST" finished-at="2021-06-22T12:22:51 IST">
          <exception class="java.lang.AssertionError">
            <message>
              <![CDATA[expected [true] but found [false]]]>
            </message>
            <full-stacktrace>
              <![CDATA[java.lang.AssertionError: expected [true] but found [false]
at org.testng.Assert.fail(Assert.java:97)
at org.testng.Assert.failNotEquals(Assert.java:969)
at org.testng.Assert.assertTrue(Assert.java:43)
at org.testng.Assert.assertTrue(Assert.java:53)
at com.nordson.testCases.TC_OMU_1891_1936_User_Dashboard_Links.Registration_Nordson_Cookies(TC_OMU_1891_1936_User_Dashboard_Links.java:230)
at sun.reflect.NativeMethodAccessorImpl.invoke0(Native Method)
at sun.reflect.NativeMethodAccessorImpl.invoke(NativeMethodAccessorImpl.java:62)
at sun.reflect.DelegatingMethodAccessorImpl.invoke(DelegatingMethodAccessorImpl.java:43)
at java.lang.reflect.Method.invoke(Method.java:498)
at org.testng.internal.MethodInvocationHelper.invokeMethod(MethodInvocationHelper.java:134)
at org.testng.internal.TestInvoker.invokeMethod(TestInvoker.java:597)
at org.testng.internal.TestInvoker.invokeTestMethod(TestInvoker.java:173)
at org.testng.internal.MethodRunner.runInSequence(MethodRunner.java:46)
at org.testng.internal.TestInvoker$MethodInvocationAgent.invoke(TestInvoker.java:816)
at org.testng.internal.TestInvoker.invokeTestMethods(TestInvoker.java:146)
at org.testng.internal.TestMethodWorker.invokeTestMethods(TestMethodWorker.java:146)
at org.testng.internal.TestMethodWorker.run(TestMethodWorker.java:128)
at java.util.ArrayList.forEach(ArrayList.java:1257)
at org.testng.TestRunner.privateRun(TestRunner.java:766)
at org.testng.TestRunner.run(TestRunner.java:587)
at org.testng.SuiteRunner.runTest(SuiteRunner.java:384)
at org.testng.SuiteRunner.runSequentially(SuiteRunner.java:378)
at org.testng.SuiteRunner.privateRun(SuiteRunner.java:337)
at org.testng.SuiteRunner.run(SuiteRunner.java:286)
at org.testng.SuiteRunnerWorker.runSuite(SuiteRunnerWorker.java:53)
at org.testng.SuiteRunnerWorker.run(SuiteRunnerWorker.java:96)
at org.testng.TestNG.runSuitesSequentially(TestNG.java:1187)
at org.testng.TestNG.runSuitesLocally(TestNG.java:1109)
at org.testng.TestNG.runSuites(TestNG.java:1039)
at org.testng.TestNG.run(TestNG.java:1007)
at org.testng.remote.AbstractRemoteTestNG.run(AbstractRemoteTestNG.java:115)
at org.testng.remote.RemoteTestNG.initAndRun(RemoteTestNG.java:251)
at org.testng.remote.RemoteTestNG.main(RemoteTestNG.java:77)
]]>
            </full-stacktrace>
          </exception> <!-- java.lang.AssertionError -->
          <reporter-output>
          </reporter-output>
        </test-method> <!-- Registration_Nordson_Cookies -->
        <test-method status="PASS" signature="Registration_Nordson_Contact_Us()[pri:10, instance:com.nordson.testCases.TC_OMU_1891_1936_User_Dashboard_Links@313ac989]" name="Registration_Nordson_Contact_Us" duration-ms="1583" started-at="2021-06-22T12:22:53 IST" finished-at="2021-06-22T12:22:55 IST">
          <reporter-output>
          </reporter-output>
        </test-method> <!-- Registration_Nordson_Contact_Us -->
        <test-method status="PASS" signature="View_DashBoard()[pri:11, instance:com.nordson.testCases.TC_OMU_1891_1936_User_Dashboard_Links@313ac989]" name="View_DashBoard" duration-ms="2573" started-at="2021-06-22T12:22:55 IST" finished-at="2021-06-22T12:22:57 IST">
          <reporter-output>
          </reporter-output>
        </test-method> <!-- View_DashBoard -->
        <test-method status="PASS" signature="tearDown()[pri:0, instance:com.nordson.testCases.TC_OMU_1891_1936_User_Dashboard_Links@313ac989]" name="tearDown" is-config="true" duration-ms="748" started-at="2021-06-22T12:22:57 IST" finished-at="2021-06-22T12:22:58 IST">
          <reporter-output>
          </reporter-output>
        </test-method> <!-- tearDown -->
      </class> <!-- com.nordson.testCases.TC_OMU_1891_1936_User_Dashboard_Links -->
    </test> <!-- Nordson OMU Web App Regression Tests on Chrome -->
  </suite> <!-- Nordson OMU Web App Regression Tests on Chrome -->
</testng-results>
